ď»ż
> dreamsync@0.1.0 build
> next build

Î“Ă»â–“ Next.js 16.2.2 (Turbopack)
- Environments: .env.local

  Creating an optimized production build ...
Î“ÂŁĂ´ Compiled successfully in 12.3s
  Running TypeScript ...
  Finished TypeScript in 5.8s ...
  Collecting page data using 7 workers ...
  Generating static pages using 7 workers (0/31) ...
  Generating static pages using 7 workers (7/31) 
  Generating static pages using 7 workers (15/31) 
  Generating static pages using 7 workers (23/31) 
Î“ÂŁĂ´ Generating static pages using 7 workers (31/31) in 868ms
  Finalizing page optimization ...

Route (app)
Î“Ă¶Ă® Î“ĂąĂŻ /
Î“Ă¶ÂŁ Î“ĂąĂŻ /_not-found
Î“Ă¶ÂŁ Î“ĂąĂŻ /about
Î“Ă¶ÂŁ â•žĂ† /api/agent/token
Î“Ă¶ÂŁ â•žĂ† /api/ats
Î“Ă¶ÂŁ â•žĂ† /api/career-agent
Î“Ă¶ÂŁ â•žĂ† /api/linkedin
Î“Ă¶ÂŁ â•žĂ† /api/mental-health
Î“Ă¶ÂŁ â•žĂ† /api/portfolio
Î“Ă¶ÂŁ â•žĂ† /api/ratelimit
Î“Ă¶ÂŁ â•žĂ† /api/resume
Î“Ă¶ÂŁ â•žĂ† /api/roadmap
Î“Ă¶ÂŁ â•žĂ† /api/usage
Î“Ă¶ÂŁ Î“ĂąĂŻ /ats-check
Î“Ă¶ÂŁ Î“ĂąĂŻ /career-agent
Î“Ă¶ÂŁ Î“ĂąĂŻ /contact
Î“Ă¶ÂŁ Î“ĂąĂŻ /dashboard
Î“Ă¶ÂŁ Î“ĂąĂŻ /documents
Î“Ă¶ÂŁ Î“ĂąĂŻ /donate
Î“Ă¶ÂŁ Î“ĂąĂŻ /linkedin
Î“Ă¶ÂŁ Î“ĂąĂŻ /login
Î“Ă¶ÂŁ Î“ĂąĂŻ /mental-health
Î“Ă¶ÂŁ Î“ĂąĂŻ /portfolio
Î“Ă¶ÂŁ Î“ĂąĂŻ /privacy
Î“Ă¶ÂŁ Î“ĂąĂŻ /resume-builder
Î“Ă¶ÂŁ Î“ĂąĂŻ /roadmap
Î“Ă¶ÂŁ Î“ĂąĂŻ /signup
Î“Ă¶ÂŁ Î“ĂąĂŻ /team
Î“Ă¶Ă¶ Î“ĂąĂŻ /terms


Î“ĂąĂŻ  (Static)   prerendered as static content
â•žĂ†  (Dynamic)  server-rendered on demand

